INFO: [VRFC 10-2263] Analyzing Verilog file "C:/Users/willi/OneDrive/Desktop/project_4new/project_4/project_4.srcs/sources_1/new/VGA.v" into library xil_defaultlib
INFO: [VRFC 10-311] analyzing module VGA
INFO: [VRFC 10-2263] Analyzing Verilog file "C:/Users/willi/OneDrive/Desktop/project_4new/project_4/project_4.srcs/sources_1/new/arrows.v" into library xil_defaultlib
INFO: [VRFC 10-311] analyzing module arrows
INFO: [VRFC 10-2263] Analyzing Verilog file "C:/Users/willi/OneDrive/Desktop/project_4new/project_4/project_4.srcs/sim_1/new/clock.v" into library xil_defaultlib
INFO: [VRFC 10-311] analyzing module clock
INFO: [VRFC 10-2263] Analyzing Verilog file "C:/Users/willi/OneDrive/Desktop/project_4new/project_4/project_4.srcs/sim_1/new/debouncer.v" into library xil_defaultlib
INFO: [VRFC 10-311] analyzing module debouncer
INFO: [VRFC 10-2263] Analyzing Verilog file "C:/Users/willi/OneDrive/Desktop/project_4new/project_4/project_4.srcs/sources_1/new/ram.v" into library xil_defaultlib
INFO: [VRFC 10-311] analyzing module ram
INFO: [VRFC 10-2263] Analyzing Verilog file "C:/Users/willi/OneDrive/Desktop/project_4new/project_4/project_4.srcs/sources_1/new/score.v" into library xil_defaultlib
INFO: [VRFC 10-311] analyzing module score
INFO: [VRFC 10-2263] Analyzing Verilog file "C:/Users/willi/OneDrive/Desktop/project_4new/project_4/project_4.srcs/sources_1/new/select_clock.v" into library xil_defaultlib
INFO: [VRFC 10-311] analyzing module select_clock
INFO: [VRFC 10-2263] Analyzing Verilog file "C:/Users/willi/OneDrive/Desktop/project_4new/project_4/project_4.srcs/sim_1/new/seven_seg.v" into library xil_defaultlib
INFO: [VRFC 10-311] analyzing module seven_seg
INFO: [VRFC 10-2263] Analyzing Verilog file "C:/Users/willi/OneDrive/Desktop/project_4new/project_4/project_4.srcs/sources_1/new/vga_controller.v" into library xil_defaultlib
INFO: [VRFC 10-311] analyzing module vga_controller
INFO: [VRFC 10-2263] Analyzing Verilog file "C:/Users/willi/OneDrive/Desktop/project_4new/project_4/project_4.srcs/sim_1/new/tb.v" into library xil_defaultlib
INFO: [VRFC 10-311] analyzing module tb
