#-----------------------------------------------------------
# Vivado v2023.1 (64-bit)
# SW Build 3865809 on Sun May  7 15:05:29 MDT 2023
# IP Build 3864474 on Sun May  7 20:36:21 MDT 2023
# SharedData Build 3865790 on Sun May 07 13:33:03 MDT 2023
# Start of session at: Tue Dec  5 10:15:26 2023
# Process ID: 14180
# Current directory: C:/Users/willi/OneDrive/Desktop/M152A/project_4new/project_4
# Command line: vivado.exe -gui_launcher_event rodinguilauncherevent16380 C:\Users\willi\OneDrive\Desktop\M152A\project_4new\project_4\project_4.xpr
# Log file: C:/Users/willi/OneDrive/Desktop/M152A/project_4new/project_4/vivado.log
# Journal file: C:/Users/willi/OneDrive/Desktop/M152A/project_4new/project_4\vivado.jou
# Running On: William, OS: Windows, CPU Frequency: 2995 MHz, CPU Physical cores: 2, Host memory: 21264 MB
#-----------------------------------------------------------
start_gui
open_project C:/Users/willi/OneDrive/Desktop/M152A/project_4new/project_4/project_4.xpr
WARNING: [Board 49-26] cannot add Board Part xilinx.com:kc705:part0:1.6 available at C:/Xilinx/Vivado/2023.1/data/xhub/boards/XilinxBoardStore/boards/Xilinx/kc705/1.6/board.xml as part xc7k325tffg900-2 specified in board_part file is either invalid or not available
WARNING: [Board 49-26] cannot add Board Part xilinx.com:kcu105:part0:1.6 available at C:/Xilinx/Vivado/2023.1/data/xhub/boards/XilinxBoardStore/boards/Xilinx/kcu105/1.6/board.xml as part xcku040-ffva1156-2-e specified in board_part file is either invalid or not available
WARNING: [Board 49-26] cannot add Board Part xilinx.com:kcu105:part0:1.7 available at C:/Xilinx/Vivado/2023.1/data/xhub/boards/XilinxBoardStore/boards/Xilinx/kcu105/1.7/board.xml as part xcku040-ffva1156-2-e specified in board_part file is either invalid or not available
WARNING: [Board 49-26] cannot add Board Part xilinx.com:kcu1500:part0:1.2 available at C:/Xilinx/Vivado/2023.1/data/xhub/boards/XilinxBoardStore/boards/Xilinx/kcu1500/1.2/board.xml as part xcku115-flvb2104-2-e specified in board_part file is either invalid or not available
WARNING: [Board 49-26] cannot add Board Part xilinx.com:vc707:part0:1.4 available at C:/Xilinx/Vivado/2023.1/data/xhub/boards/XilinxBoardStore/boards/Xilinx/vc707/1.4/board.xml as part xc7vx485tffg1761-2 specified in board_part file is either invalid or not available
WARNING: [Board 49-26] cannot add Board Part xilinx.com:vc709:part0:1.8 available at C:/Xilinx/Vivado/2023.1/data/xhub/boards/XilinxBoardStore/boards/Xilinx/vc709/1.8/board.xml as part xc7vx690tffg1761-2 specified in board_part file is either invalid or not available
WARNING: [Board 49-26] cannot add Board Part xilinx.com:vck190:part0:2.2 available at C:/Xilinx/Vivado/2023.1/data/xhub/boards/XilinxBoardStore/boards/Xilinx/vck190/production/2.2/board.xml as part xcvc1902-vsva2197-2mp-e-s specified in board_part file is either invalid or not available
WARNING: [Board 49-26] cannot add Board Part xilinx.com:vck190:part0:3.0 available at C:/Xilinx/Vivado/2023.1/data/xhub/boards/XilinxBoardStore/boards/Xilinx/vck190/production/3.0/board.xml as part xcvc1902-vsva2197-2mp-e-s specified in board_part file is either invalid or not available
WARNING: [Board 49-26] cannot add Board Part xilinx.com:vck190:part0:3.1 available at C:/Xilinx/Vivado/2023.1/data/xhub/boards/XilinxBoardStore/boards/Xilinx/vck190/production/3.1/board.xml as part xcvc1902-vsva2197-2mp-e-s specified in board_part file is either invalid or not available
WARNING: [Board 49-26] cannot add Board Part xilinx.com:vck190:part0:3.2 available at C:/Xilinx/Vivado/2023.1/data/xhub/boards/XilinxBoardStore/boards/Xilinx/vck190/production/3.2/board.xml as part xcvc1902-vsva2197-2mp-e-s specified in board_part file is either invalid or not available
WARNING: [Board 49-26] cannot add Board Part xilinx.com:vck190_newl:part0:1.0 available at C:/Xilinx/Vivado/2023.1/data/xhub/boards/XilinxBoardStore/boards/Xilinx/vck190_newl/production/1.0/board.xml as part xcvc1902-vsva2197-2mp-e-s specified in board_part file is either invalid or not available
WARNING: [Board 49-26] cannot add Board Part xilinx.com:vck190_newl:part0:1.1 available at C:/Xilinx/Vivado/2023.1/data/xhub/boards/XilinxBoardStore/boards/Xilinx/vck190_newl/production/1.1/board.xml as part xcvc1902-vsva2197-2mp-e-s specified in board_part file is either invalid or not available
WARNING: [Board 49-26] cannot add Board Part xilinx.com:vcu108:part0:1.6 available at C:/Xilinx/Vivado/2023.1/data/xhub/boards/XilinxBoardStore/boards/Xilinx/vcu108/1.6/board.xml as part xcvu095-ffva2104-2-e specified in board_part file is either invalid or not available
WARNING: [Board 49-26] cannot add Board Part xilinx.com:vcu108:part0:1.7 available at C:/Xilinx/Vivado/2023.1/data/xhub/boards/XilinxBoardStore/boards/Xilinx/vcu108/1.7/board.xml as part xcvu095-ffva2104-2-e specified in board_part file is either invalid or not available
WARNING: [Board 49-26] cannot add Board Part xilinx.com:vcu110:part0:1.4 available at C:/Xilinx/Vivado/2023.1/data/xhub/boards/XilinxBoardStore/boards/Xilinx/vcu110/1.4/board.xml as part xcvu190-flgc2104-2-e specified in board_part file is either invalid or not available
WARNING: [Board 49-26] cannot add Board Part xilinx.com:vcu118:part0:2.0 available at C:/Xilinx/Vivado/2023.1/data/xhub/boards/XilinxBoardStore/boards/Xilinx/vcu118/2.0/board.xml as part xcvu9p-flga2104-2l-e specified in board_part file is either invalid or not available
WARNING: [Board 49-26] cannot add Board Part xilinx.com:vcu118:part0:2.3 available at C:/Xilinx/Vivado/2023.1/data/xhub/boards/XilinxBoardStore/boards/Xilinx/vcu118/2.3/board.xml as part xcvu9p-flga2104-2l-e specified in board_part file is either invalid or not available
WARNING: [Board 49-26] cannot add Board Part xilinx.com:vcu118:part0:2.4 available at C:/Xilinx/Vivado/2023.1/data/xhub/boards/XilinxBoardStore/boards/Xilinx/vcu118/2.4/board.xml as part xcvu9p-flga2104-2l-e specified in board_part file is either invalid or not available
WARNING: [Board 49-26] cannot add Board Part xilinx.com:vcu129:part0:1.0 available at C:/Xilinx/Vivado/2023.1/data/xhub/boards/XilinxBoardStore/boards/Xilinx/vcu129/production/1.0/board.xml as part xcvu29p-fsga2577-2l-e specified in board_part file is either invalid or not available
WARNING: [Board 49-26] cannot add Board Part xilinx.com:vcu1525:part0:1.3 available at C:/Xilinx/Vivado/2023.1/data/xhub/boards/XilinxBoardStore/boards/Xilinx/vcu1525/1.3/board.xml as part xcvu9p-fsgd2104-2l-e specified in board_part file is either invalid or not available
WARNING: [Board 49-26] cannot add Board Part xilinx.com:vek280_es:part0:1.0 available at C:/Xilinx/Vivado/2023.1/data/xhub/boards/XilinxBoardStore/boards/Xilinx/vek280/es/rev_a/1.0/board.xml as part xcve2802-vsvh1760-2lp-e-s-es1 specified in board_part file is either invalid or not available
WARNING: [Board 49-26] cannot add Board Part xilinx.com:vek280_es:part0:1.1 available at C:/Xilinx/Vivado/2023.1/data/xhub/boards/XilinxBoardStore/boards/Xilinx/vek280/es/rev_a/1.1/board.xml as part xcve2802-vsvh1760-2lp-e-s-es1 specified in board_part file is either invalid or not available
WARNING: [Board 49-26] cannot add Board Part xilinx.com:vek280_es_revb:part0:1.0 available at C:/Xilinx/Vivado/2023.1/data/xhub/boards/XilinxBoardStore/boards/Xilinx/vek280/es/rev_b/1.0/board.xml as part xcve2802-vsvh1760-2mp-e-s-es1 specified in board_part file is either invalid or not available
WARNING: [Board 49-26] cannot add Board Part xilinx.com:vek280_es_revb:part0:1.1 available at C:/Xilinx/Vivado/2023.1/data/xhub/boards/XilinxBoardStore/boards/Xilinx/vek280/es/rev_b/1.1/board.xml as part xcve2802-vsvh1760-2mp-e-s-es1 specified in board_part file is either invalid or not available
WARNING: [Board 49-26] cannot add Board Part xilinx.com:vermeo_t1_mpsoc:part0:1.0 available at C:/Xilinx/Vivado/2023.1/data/xhub/boards/XilinxBoardStore/boards/Xilinx/vermeo_t1_mpsoc/1.0/board.xml as part xczu19eg-ffvd1760-2l-e specified in board_part file is either invalid or not available
WARNING: [Board 49-26] cannot add Board Part xilinx.com:vermeo_t1_rfsoc:part0:1.0 available at C:/Xilinx/Vivado/2023.1/data/xhub/boards/XilinxBoardStore/boards/Xilinx/vermeo_t1_rfsoc/1.0/board.xml as part xczu21dr-ffvd1156-2l-e specified in board_part file is either invalid or not available
WARNING: [Board 49-26] cannot add Board Part xilinx.com:vhk158:part0:1.0 available at C:/Xilinx/Vivado/2023.1/data/xhub/boards/XilinxBoardStore/boards/Xilinx/vhk158/production/1.0/board.xml as part xcvh1582-vsva3697-2mp-e-s specified in board_part file is either invalid or not available
WARNING: [Board 49-26] cannot add Board Part xilinx.com:vhk158_es:part0:1.0 available at C:/Xilinx/Vivado/2023.1/data/xhub/boards/XilinxBoardStore/boards/Xilinx/vhk158/es/1.0/board.xml as part xcvh1582-vsva3697-2mp-e-s-es1 specified in board_part file is either invalid or not available
WARNING: [Board 49-26] cannot add Board Part xilinx.com:vhk158_es:part0:1.1 available at C:/Xilinx/Vivado/2023.1/data/xhub/boards/XilinxBoardStore/boards/Xilinx/vhk158/es/1.1/board.xml as part xcvh1582-vsva3697-2mp-e-s-es1 specified in board_part file is either invalid or not available
WARNING: [Board 49-26] cannot add Board Part xilinx.com:vmk180:part0:2.2 available at C:/Xilinx/Vivado/2023.1/data/xhub/boards/XilinxBoardStore/boards/Xilinx/vmk180/production/2.2/board.xml as part xcvm1802-vsva2197-2mp-e-s specified in board_part file is either invalid or not available
WARNING: [Board 49-26] cannot add Board Part xilinx.com:vmk180:part0:3.0 available at C:/Xilinx/Vivado/2023.1/data/xhub/boards/XilinxBoardStore/boards/Xilinx/vmk180/production/3.0/board.xml as part xcvm1802-vsva2197-2mp-e-s specified in board_part file is either invalid or not available
WARNING: [Board 49-26] cannot add Board Part xilinx.com:vmk180:part0:3.1 available at C:/Xilinx/Vivado/2023.1/data/xhub/boards/XilinxBoardStore/boards/Xilinx/vmk180/production/3.1/board.xml as part xcvm1802-vsva2197-2mp-e-s specified in board_part file is either invalid or not available
WARNING: [Board 49-26] cannot add Board Part xilinx.com:vmk180:part0:3.2 available at C:/Xilinx/Vivado/2023.1/data/xhub/boards/XilinxBoardStore/boards/Xilinx/vmk180/production/3.2/board.xml as part xcvm1802-vsva2197-2mp-e-s specified in board_part file is either invalid or not available
WARNING: [Board 49-26] cannot add Board Part xilinx.com:vmk180_newl:part0:1.0 available at C:/Xilinx/Vivado/2023.1/data/xhub/boards/XilinxBoardStore/boards/Xilinx/vmk180_newl/production/1.0/board.xml as part xcvm1802-vsva2197-2mp-e-s specified in board_part file is either invalid or not available
WARNING: [Board 49-26] cannot add Board Part xilinx.com:vmk180_newl:part0:1.1 available at C:/Xilinx/Vivado/2023.1/data/xhub/boards/XilinxBoardStore/boards/Xilinx/vmk180_newl/production/1.1/board.xml as part xcvm1802-vsva2197-2mp-e-s specified in board_part file is either invalid or not available
WARNING: [Board 49-26] cannot add Board Part xilinx.com:vpk120:part0:1.0 available at C:/Xilinx/Vivado/2023.1/data/xhub/boards/XilinxBoardStore/boards/Xilinx/vpk120/production/1.0/board.xml as part xcvp1202-vsva2785-2mp-e-s specified in board_part file is either invalid or not available
WARNING: [Board 49-26] cannot add Board Part xilinx.com:vpk120:part0:1.1 available at C:/Xilinx/Vivado/2023.1/data/xhub/boards/XilinxBoardStore/boards/Xilinx/vpk120/production/1.1/board.xml as part xcvp1202-vsva2785-2mp-e-s specified in board_part file is either invalid or not available
WARNING: [Board 49-26] cannot add Board Part xilinx.com:vpk120_es:part0:1.2 available at C:/Xilinx/Vivado/2023.1/data/xhub/boards/XilinxBoardStore/boards/Xilinx/vpk120/es/1.2/board.xml as part xcvp1202-vsva2785-2mp-e-s-es1 specified in board_part file is either invalid or not available
WARNING: [Board 49-26] cannot add Board Part xilinx.com:vpk120_es:part0:1.3 available at C:/Xilinx/Vivado/2023.1/data/xhub/boards/XilinxBoardStore/boards/Xilinx/vpk120/es/1.3/board.xml as part xcvp1202-vsva2785-2mp-e-s-es1 specified in board_part file is either invalid or not available
WARNING: [Board 49-26] cannot add Board Part xilinx.com:vpk120_es_revb:part0:1.0 available at C:/Xilinx/Vivado/2023.1/data/xhub/boards/XilinxBoardStore/boards/Xilinx/vpk120_revb/es/1.0/board.xml as part xcvp1202-vsva2785-2mp-e-s-es1 specified in board_part file is either invalid or not available
WARNING: [Board 49-26] cannot add Board Part xilinx.com:vpk120_es_revb:part0:1.1 available at C:/Xilinx/Vivado/2023.1/data/xhub/boards/XilinxBoardStore/boards/Xilinx/vpk120_revb/es/1.1/board.xml as part xcvp1202-vsva2785-2mp-e-s-es1 specified in board_part file is either invalid or not available
WARNING: [Board 49-26] cannot add Board Part xilinx.com:vpk180:part0:1.0 available at C:/Xilinx/Vivado/2023.1/data/xhub/boards/XilinxBoardStore/boards/Xilinx/vpk180/production/1.0/board.xml as part xcvp1802-lsvc4072-2mp-e-s specified in board_part file is either invalid or not available
WARNING: [Board 49-26] cannot add Board Part xilinx.com:vpk180:part0:1.1 available at C:/Xilinx/Vivado/2023.1/data/xhub/boards/XilinxBoardStore/boards/Xilinx/vpk180/production/1.1/board.xml as part xcvp1802-lsvc4072-2mp-e-s specified in board_part file is either invalid or not available
WARNING: [Board 49-26] cannot add Board Part xilinx.com:vpk180_es:part0:1.0 available at C:/Xilinx/Vivado/2023.1/data/xhub/boards/XilinxBoardStore/boards/Xilinx/vpk180/es/1.0/board.xml as part xcvp1802-lsvc4072-2mp-e-s-es1 specified in board_part file is either invalid or not available
WARNING: [Board 49-26] cannot add Board Part xilinx.com:vpk180_es:part0:1.1 available at C:/Xilinx/Vivado/2023.1/data/xhub/boards/XilinxBoardStore/boards/Xilinx/vpk180/es/1.1/board.xml as part xcvp1802-lsvc4072-2mp-e-s-es1 specified in board_part file is either invalid or not available
WARNING: [Board 49-26] cannot add Board Part xilinx.com:zc706:part0:1.4 available at C:/Xilinx/Vivado/2023.1/data/xhub/boards/XilinxBoardStore/boards/Xilinx/zc706/1.4/board.xml as part xc7z045ffg900-2 specified in board_part file is either invalid or not available
WARNING: [Board 49-26] cannot add Board Part xilinx.com:zcu102:part0:3.3 available at C:/Xilinx/Vivado/2023.1/data/xhub/boards/XilinxBoardStore/boards/Xilinx/zcu102/3.3/board.xml as part xczu9eg-ffvb1156-2-e specified in board_part file is either invalid or not available
WARNING: [Board 49-26] cannot add Board Part xilinx.com:zcu102:part0:3.4 available at C:/Xilinx/Vivado/2023.1/data/xhub/boards/XilinxBoardStore/boards/Xilinx/zcu102/3.4/board.xml as part xczu9eg-ffvb1156-2-e specified in board_part file is either invalid or not available
WARNING: [Board 49-26] cannot add Board Part xilinx.com:zcu111:part0:1.2 available at C:/Xilinx/Vivado/2023.1/data/xhub/boards/XilinxBoardStore/boards/Xilinx/zcu111/1.2/board.xml as part xczu28dr-ffvg1517-2-e specified in board_part file is either invalid or not available
WARNING: [Board 49-26] cannot add Board Part xilinx.com:zcu111:part0:1.3 available at C:/Xilinx/Vivado/2023.1/data/xhub/boards/XilinxBoardStore/boards/Xilinx/zcu111/1.3/board.xml as part xczu28dr-ffvg1517-2-e specified in board_part file is either invalid or not available
WARNING: [Board 49-26] cannot add Board Part xilinx.com:zcu111:part0:1.4 available at C:/Xilinx/Vivado/2023.1/data/xhub/boards/XilinxBoardStore/boards/Xilinx/zcu111/1.4/board.xml as part xczu28dr-ffvg1517-2-e specified in board_part file is either invalid or not available
WARNING: [Board 49-26] cannot add Board Part xilinx.com:zcu1275:part0:1.0 available at C:/Xilinx/Vivado/2023.1/data/xhub/boards/XilinxBoardStore/boards/Xilinx/zcu1275/1.0/board.xml as part xczu29dr-ffvf1760-2-e specified in board_part file is either invalid or not available
WARNING: [Board 49-26] cannot add Board Part xilinx.com:zcu1285:part0:1.0 available at C:/Xilinx/Vivado/2023.1/data/xhub/boards/XilinxBoardStore/boards/Xilinx/zcu1285/1.0/board.xml as part xczu39dr-ffvf1760-2-i specified in board_part file is either invalid or not available
WARNING: [Board 49-26] cannot add Board Part xilinx.com:zcu208:part0:2.0 available at C:/Xilinx/Vivado/2023.1/data/xhub/boards/XilinxBoardStore/boards/Xilinx/zcu208/production/2.0/board.xml as part xczu48dr-fsvg1517-2-e specified in board_part file is either invalid or not available
WARNING: [Board 49-26] cannot add Board Part xilinx.com:zcu208ld:part0:2.0 available at C:/Xilinx/Vivado/2023.1/data/xhub/boards/XilinxBoardStore/boards/Xilinx/zcu208ld/production/2.0/board.xml as part xczu58dr-fsvg1517-2-i specified in board_part file is either invalid or not available
WARNING: [Board 49-26] cannot add Board Part xilinx.com:zcu216:part0:2.0 available at C:/Xilinx/Vivado/2023.1/data/xhub/boards/XilinxBoardStore/boards/Xilinx/zcu216/production/2.0/board.xml as part xczu49dr-ffvf1760-2-e specified in board_part file is either invalid or not available
WARNING: [Board 49-26] cannot add Board Part xilinx.com:zcu216ld:part0:2.0 available at C:/Xilinx/Vivado/2023.1/data/xhub/boards/XilinxBoardStore/boards/Xilinx/zcu216ld/production/2.0/board.xml as part xczu59dr-ffvf1760-2-i specified in board_part file is either invalid or not available
WARNING: [Board 49-26] cannot add Board Part xilinx.com:zcu670:part0:2.0 available at C:/Xilinx/Vivado/2023.1/data/xhub/boards/XilinxBoardStore/boards/Xilinx/zcu670/2.0/board.xml as part xczu67dr-fsve1156-2-i specified in board_part file is either invalid or not available
WARNING: [Board 49-26] cannot add Board Part xilinx.com:zcu670ld:part0:1.0 available at C:/Xilinx/Vivado/2023.1/data/xhub/boards/XilinxBoardStore/boards/Xilinx/zcu670ld/1.0/board.xml as part xczu57dr-fsve1156-2-i specified in board_part file is either invalid or not available
INFO: [Project 1-313] Project file moved from 'C:/Users/willi/OneDrive/Desktop/project_4new/project_4' since last save.
INFO: [filemgmt 56-3] Default IP Output Path : Could not find the directory 'C:/Users/willi/OneDrive/Desktop/M152A/project_4new/project_4/project_4.gen/sources_1'.
WARNING: [Project 1-312] File not found as 'C:/Users/willi/OneDrive/Desktop/M152A/Basys-3-Master.xdc'; using path 'C:/Users/willi/OneDrive/Desktop/Basys-3-Master.xdc' instead.
Scanning sources...
Finished scanning sources
WARNING: [Project 1-312] File not found as 'C:/Users/willi/OneDrive/Desktop/M152A/Basys-3-Master.xdc'; using path 'C:/Users/willi/OneDrive/Desktop/Basys-3-Master.xdc' instead.
WARNING: [Project 1-312] File not found as 'C:/Users/willi/OneDrive/Desktop/M152A/Basys-3-Master.xdc'; using path 'C:/Users/willi/OneDrive/Desktop/Basys-3-Master.xdc' instead.
INFO: [IP_Flow 19-234] Refreshing IP repositories
INFO: [IP_Flow 19-1704] No user IP repositories specified
INFO: [IP_Flow 19-2313] Loaded Vivado IP repository 'C:/Xilinx/Vivado/2023.1/data/ip'.
open_project: Time (s): cpu = 00:00:18 ; elapsed = 00:00:13 . Memory (MB): peak = 1464.488 ; gain = 213.781
update_compile_order -fileset sources_1
reset_run synth_1
INFO: [Project 1-1161] Replacing file C:/Users/willi/OneDrive/Desktop/M152A/project_4new/project_4/project_4.srcs/utils_1/imports/synth_1/top.dcp with file C:/Users/willi/OneDrive/Desktop/M152A/project_4new/project_4/project_4.runs/synth_1/top.dcp
launch_runs synth_1 -jobs 2
[Tue Dec  5 10:19:05 2023] Launched synth_1...
Run output will be captured here: C:/Users/willi/OneDrive/Desktop/M152A/project_4new/project_4/project_4.runs/synth_1/runme.log
launch_runs impl_1 -jobs 2
[Tue Dec  5 10:21:12 2023] Launched impl_1...
Run output will be captured here: C:/Users/willi/OneDrive/Desktop/M152A/project_4new/project_4/project_4.runs/impl_1/runme.log
export_ip_user_files -of_objects  [get_files C:/Users/willi/OneDrive/Desktop/M152A/project_4new/project_4/project_4.srcs/sources_1/new/ram.v] -no_script -reset -force -quiet
remove_files  C:/Users/willi/OneDrive/Desktop/M152A/project_4new/project_4/project_4.srcs/sources_1/new/ram.v
export_ip_user_files -of_objects  [get_files C:/Users/willi/OneDrive/Desktop/M152A/project_4new/project_4/project_4.srcs/sources_1/new/pixel_generation.v] -no_script -reset -force -quiet
remove_files  C:/Users/willi/OneDrive/Desktop/M152A/project_4new/project_4/project_4.srcs/sources_1/new/pixel_generation.v
export_ip_user_files -of_objects  [get_files C:/Users/willi/OneDrive/Desktop/M152A/project_4new/project_4/project_4.srcs/sources_1/new/select_clock.v] -no_script -reset -force -quiet
remove_files  C:/Users/willi/OneDrive/Desktop/M152A/project_4new/project_4/project_4.srcs/sources_1/new/select_clock.v
launch_runs impl_1 -to_step write_bitstream -jobs 2
[Tue Dec  5 10:23:25 2023] Launched impl_1...
Run output will be captured here: C:/Users/willi/OneDrive/Desktop/M152A/project_4new/project_4/project_4.runs/impl_1/runme.log
open_run impl_1
INFO: [Device 21-403] Loading part xc7a35tcpg236-1
INFO: [Common 17-41] Interrupt caught. Command should exit soon.
Netlist sorting complete. Time (s): cpu = 00:00:00 ; elapsed = 00:00:00.014 . Memory (MB): peak = 1834.191 ; gain = 0.000
INFO: [Netlist 29-17] Analyzing 122 Unisim elements for replacement
INFO: [Netlist 29-28] Unisim Transformation completed in 0 CPU seconds
INFO: [Project 1-479] Netlist was created with Vivado 2023.1
open_run: Time (s): cpu = 00:00:04 ; elapsed = 00:00:06 . Memory (MB): peak = 1836.320 ; gain = 362.035
INFO: [Common 17-344] 'open_run' was cancelled
open_hw_manager
connect_hw_server -allow_non_jtag
INFO: [Labtools 27-2285] Connecting to hw_server url TCP:localhost:3121
INFO: [Labtools 27-2222] Launching hw_server...
INFO: [Labtools 27-2221] Launch Output:
ECHO is off.
ECHO is off.

****** Xilinx hw_server v2023.1
  **** Build date : May  7 2023 at 15:26:57
    ** Copyright 1986-2022 Xilinx, Inc. All Rights Reserved.


INFO: [Labtools 27-3415] Connecting to cs_server url TCP:localhost:0
INFO: [Labtools 27-3417] Launching cs_server...
INFO: [Labtools 27-2221] Launch Output:
ECHO is off.
ECHO is off.


******** Xilinx cs_server v2023.1.0
  ****** Build date   : Apr 10 2023-08:59:24
    **** Build number : 2023.1.1681142364
      ** Copyright 2017-2022 Xilinx, Inc. All Rights Reserved.
      ** Copyright 2022-2023 Advanced Micro Devices, Inc. All Rights Reserved.



connect_hw_server: Time (s): cpu = 00:00:02 ; elapsed = 00:00:08 . Memory (MB): peak = 1846.727 ; gain = 10.406
open_hw_target
INFO: [Labtoolstcl 44-466] Opening hw_target localhost:3121/xilinx_tcf/Digilent/210183B41166A
set_property PROGRAM.FILE {C:/Users/willi/OneDrive/Desktop/M152A/project_4new/project_4/project_4.runs/impl_1/top.bit} [get_hw_devices xc7a35t_0]
current_hw_device [get_hw_devices xc7a35t_0]
refresh_hw_device -update_hw_probes false [lindex [get_hw_devices xc7a35t_0] 0]
INFO: [Labtools 27-1434] Device xc7a35t (JTAG device index = 0) is programmed with a design that has no supported debug core(s) in it.
set_property PROBES.FILE {} [get_hw_devices xc7a35t_0]
set_property FULL_PROBES.FILE {} [get_hw_devices xc7a35t_0]
set_property PROGRAM.FILE {C:/Users/willi/OneDrive/Desktop/M152A/project_4new/project_4/project_4.runs/impl_1/top.bit} [get_hw_devices xc7a35t_0]
program_hw_devices [get_hw_devices xc7a35t_0]
INFO: [Labtools 27-3164] End of startup status: HIGH
refresh_hw_device [lindex [get_hw_devices xc7a35t_0] 0]
INFO: [Labtools 27-1434] Device xc7a35t (JTAG device index = 0) is programmed with a design that has no supported debug core(s) in it.
reset_run synth_1
INFO: [Project 1-1161] Replacing file C:/Users/willi/OneDrive/Desktop/M152A/project_4new/project_4/project_4.srcs/utils_1/imports/synth_1/top.dcp with file C:/Users/willi/OneDrive/Desktop/M152A/project_4new/project_4/project_4.runs/synth_1/top.dcp
launch_runs synth_1 -jobs 2
[Tue Dec  5 10:42:40 2023] Launched synth_1...
Run output will be captured here: C:/Users/willi/OneDrive/Desktop/M152A/project_4new/project_4/project_4.runs/synth_1/runme.log
launch_runs impl_1 -jobs 2
[Tue Dec  5 10:44:42 2023] Launched impl_1...
Run output will be captured here: C:/Users/willi/OneDrive/Desktop/M152A/project_4new/project_4/project_4.runs/impl_1/runme.log
launch_runs impl_1 -to_step write_bitstream -jobs 2
[Tue Dec  5 10:46:51 2023] Launched impl_1...
Run output will be captured here: C:/Users/willi/OneDrive/Desktop/M152A/project_4new/project_4/project_4.runs/impl_1/runme.log
set_property PROBES.FILE {} [get_hw_devices xc7a35t_0]
set_property FULL_PROBES.FILE {} [get_hw_devices xc7a35t_0]
set_property PROGRAM.FILE {C:/Users/willi/OneDrive/Desktop/M152A/project_4new/project_4/project_4.runs/impl_1/top.bit} [get_hw_devices xc7a35t_0]
program_hw_devices [get_hw_devices xc7a35t_0]
INFO: [Labtools 27-3164] End of startup status: HIGH
refresh_hw_device [lindex [get_hw_devices xc7a35t_0] 0]
INFO: [Labtools 27-1434] Device xc7a35t (JTAG device index = 0) is programmed with a design that has no supported debug core(s) in it.
set_property PROBES.FILE {} [get_hw_devices xc7a35t_0]
set_property FULL_PROBES.FILE {} [get_hw_devices xc7a35t_0]
set_property PROGRAM.FILE {C:/Users/willi/OneDrive/Desktop/M152A/project_4new/project_4/project_4.runs/impl_1/top.bit} [get_hw_devices xc7a35t_0]
program_hw_devices [get_hw_devices xc7a35t_0]
INFO: [Labtools 27-3164] End of startup status: HIGH
refresh_hw_device [lindex [get_hw_devices xc7a35t_0] 0]
INFO: [Labtools 27-1434] Device xc7a35t (JTAG device index = 0) is programmed with a design that has no supported debug core(s) in it.
reset_run synth_1
INFO: [Project 1-1161] Replacing file C:/Users/willi/OneDrive/Desktop/M152A/project_4new/project_4/project_4.srcs/utils_1/imports/synth_1/top.dcp with file C:/Users/willi/OneDrive/Desktop/M152A/project_4new/project_4/project_4.runs/synth_1/top.dcp
launch_runs synth_1 -jobs 2
[Tue Dec  5 11:00:24 2023] Launched synth_1...
Run output will be captured here: C:/Users/willi/OneDrive/Desktop/M152A/project_4new/project_4/project_4.runs/synth_1/runme.log
launch_runs impl_1 -jobs 2
[Tue Dec  5 11:02:20 2023] Launched impl_1...
Run output will be captured here: C:/Users/willi/OneDrive/Desktop/M152A/project_4new/project_4/project_4.runs/impl_1/runme.log
launch_runs impl_1 -to_step write_bitstream -jobs 2
[Tue Dec  5 11:04:21 2023] Launched impl_1...
Run output will be captured here: C:/Users/willi/OneDrive/Desktop/M152A/project_4new/project_4/project_4.runs/impl_1/runme.log
set_property PROBES.FILE {} [get_hw_devices xc7a35t_0]
set_property FULL_PROBES.FILE {} [get_hw_devices xc7a35t_0]
set_property PROGRAM.FILE {C:/Users/willi/OneDrive/Desktop/M152A/project_4new/project_4/project_4.runs/impl_1/top.bit} [get_hw_devices xc7a35t_0]
program_hw_devices [get_hw_devices xc7a35t_0]
INFO: [Labtools 27-3164] End of startup status: HIGH
refresh_hw_device [lindex [get_hw_devices xc7a35t_0] 0]
INFO: [Labtools 27-1434] Device xc7a35t (JTAG device index = 0) is programmed with a design that has no supported debug core(s) in it.
reset_run synth_1
INFO: [Project 1-1161] Replacing file C:/Users/willi/OneDrive/Desktop/M152A/project_4new/project_4/project_4.srcs/utils_1/imports/synth_1/top.dcp with file C:/Users/willi/OneDrive/Desktop/M152A/project_4new/project_4/project_4.runs/synth_1/top.dcp
launch_runs synth_1 -jobs 2
[Tue Dec  5 11:06:05 2023] Launched synth_1...
Run output will be captured here: C:/Users/willi/OneDrive/Desktop/M152A/project_4new/project_4/project_4.runs/synth_1/runme.log
launch_runs impl_1 -jobs 2
[Tue Dec  5 11:08:03 2023] Launched impl_1...
Run output will be captured here: C:/Users/willi/OneDrive/Desktop/M152A/project_4new/project_4/project_4.runs/impl_1/runme.log
launch_runs impl_1 -to_step write_bitstream -jobs 2
[Tue Dec  5 11:10:25 2023] Launched impl_1...
Run output will be captured here: C:/Users/willi/OneDrive/Desktop/M152A/project_4new/project_4/project_4.runs/impl_1/runme.log
set_property PROBES.FILE {} [get_hw_devices xc7a35t_0]
set_property FULL_PROBES.FILE {} [get_hw_devices xc7a35t_0]
set_property PROGRAM.FILE {C:/Users/willi/OneDrive/Desktop/M152A/project_4new/project_4/project_4.runs/impl_1/top.bit} [get_hw_devices xc7a35t_0]
program_hw_devices [get_hw_devices xc7a35t_0]
INFO: [Labtools 27-3164] End of startup status: HIGH
refresh_hw_device [lindex [get_hw_devices xc7a35t_0] 0]
INFO: [Labtools 27-1434] Device xc7a35t (JTAG device index = 0) is programmed with a design that has no supported debug core(s) in it.
ERROR: [Labtoolstcl 44-513] HW Target shutdown. Closing target: localhost:3121/xilinx_tcf/Digilent/210183B41166A
INFO: [Labtoolstcl 44-466] Opening hw_target localhost:3121/xilinx_tcf/Digilent/210183B41166A
INFO: [Labtools 27-1434] Device xc7a35t (JTAG device index = 0) is programmed with a design that has no supported debug core(s) in it.
WARNING: [Labtoolstcl 44-129] No matching hw_ila_data was found.
set_property PROBES.FILE {} [get_hw_devices xc7a35t_0]
set_property FULL_PROBES.FILE {} [get_hw_devices xc7a35t_0]
set_property PROGRAM.FILE {C:/Users/willi/OneDrive/Desktop/M152A/project_4new/project_4/project_4.runs/impl_1/top.bit} [get_hw_devices xc7a35t_0]
program_hw_devices [get_hw_devices xc7a35t_0]
INFO: [Labtools 27-3164] End of startup status: HIGH
refresh_hw_device [lindex [get_hw_devices xc7a35t_0] 0]
INFO: [Labtools 27-1434] Device xc7a35t (JTAG device index = 0) is programmed with a design that has no supported debug core(s) in it.
reset_run synth_1
INFO: [Project 1-1161] Replacing file C:/Users/willi/OneDrive/Desktop/M152A/project_4new/project_4/project_4.srcs/utils_1/imports/synth_1/top.dcp with file C:/Users/willi/OneDrive/Desktop/M152A/project_4new/project_4/project_4.runs/synth_1/top.dcp
launch_runs synth_1 -jobs 2
[Tue Dec  5 11:21:51 2023] Launched synth_1...
Run output will be captured here: C:/Users/willi/OneDrive/Desktop/M152A/project_4new/project_4/project_4.runs/synth_1/runme.log
launch_runs impl_1 -jobs 2
[Tue Dec  5 11:23:56 2023] Launched impl_1...
Run output will be captured here: C:/Users/willi/OneDrive/Desktop/M152A/project_4new/project_4/project_4.runs/impl_1/runme.log
launch_runs impl_1 -to_step write_bitstream -jobs 2
[Tue Dec  5 11:25:51 2023] Launched impl_1...
Run output will be captured here: C:/Users/willi/OneDrive/Desktop/M152A/project_4new/project_4/project_4.runs/impl_1/runme.log
reset_run synth_1
INFO: [Project 1-1161] Replacing file C:/Users/willi/OneDrive/Desktop/M152A/project_4new/project_4/project_4.srcs/utils_1/imports/synth_1/top.dcp with file C:/Users/willi/OneDrive/Desktop/M152A/project_4new/project_4/project_4.runs/synth_1/top.dcp
launch_runs synth_1 -jobs 2
[Tue Dec  5 11:38:05 2023] Launched synth_1...
Run output will be captured here: C:/Users/willi/OneDrive/Desktop/M152A/project_4new/project_4/project_4.runs/synth_1/runme.log
launch_runs impl_1 -jobs 2
[Tue Dec  5 11:40:05 2023] Launched impl_1...
Run output will be captured here: C:/Users/willi/OneDrive/Desktop/M152A/project_4new/project_4/project_4.runs/impl_1/runme.log
launch_runs impl_1 -to_step write_bitstream -jobs 2
[Tue Dec  5 11:42:11 2023] Launched impl_1...
Run output will be captured here: C:/Users/willi/OneDrive/Desktop/M152A/project_4new/project_4/project_4.runs/impl_1/runme.log
set_property PROBES.FILE {} [get_hw_devices xc7a35t_0]
set_property FULL_PROBES.FILE {} [get_hw_devices xc7a35t_0]
set_property PROGRAM.FILE {C:/Users/willi/OneDrive/Desktop/M152A/project_4new/project_4/project_4.runs/impl_1/top.bit} [get_hw_devices xc7a35t_0]
program_hw_devices [get_hw_devices xc7a35t_0]
INFO: [Labtools 27-3164] End of startup status: HIGH
refresh_hw_device [lindex [get_hw_devices xc7a35t_0] 0]
INFO: [Labtools 27-1434] Device xc7a35t (JTAG device index = 0) is programmed with a design that has no supported debug core(s) in it.
set_property PROBES.FILE {} [get_hw_devices xc7a35t_0]
set_property FULL_PROBES.FILE {} [get_hw_devices xc7a35t_0]
set_property PROGRAM.FILE {C:/Users/willi/OneDrive/Desktop/M152A/project_4new/project_4/project_4.runs/impl_1/top.bit} [get_hw_devices xc7a35t_0]
program_hw_devices [get_hw_devices xc7a35t_0]
INFO: [Labtools 27-3164] End of startup status: HIGH
refresh_hw_device [lindex [get_hw_devices xc7a35t_0] 0]
INFO: [Labtools 27-1434] Device xc7a35t (JTAG device index = 0) is programmed with a design that has no supported debug core(s) in it.
reset_run synth_1
INFO: [Project 1-1161] Replacing file C:/Users/willi/OneDrive/Desktop/M152A/project_4new/project_4/project_4.srcs/utils_1/imports/synth_1/top.dcp with file C:/Users/willi/OneDrive/Desktop/M152A/project_4new/project_4/project_4.runs/synth_1/top.dcp
launch_runs synth_1 -jobs 2
[Tue Dec  5 11:46:28 2023] Launched synth_1...
Run output will be captured here: C:/Users/willi/OneDrive/Desktop/M152A/project_4new/project_4/project_4.runs/synth_1/runme.log
ERROR: [Labtoolstcl 44-513] HW Target shutdown. Closing target: localhost:3121/xilinx_tcf/Digilent/210183B41166A
INFO: [Labtoolstcl 44-466] Opening hw_target localhost:3121/xilinx_tcf/Digilent/210183B41166A
INFO: [Labtools 27-1434] Device xc7a35t (JTAG device index = 0) is programmed with a design that has no supported debug core(s) in it.
WARNING: [Labtoolstcl 44-129] No matching hw_ila_data was found.
launch_runs impl_1 -jobs 2
[Tue Dec  5 11:48:36 2023] Launched impl_1...
Run output will be captured here: C:/Users/willi/OneDrive/Desktop/M152A/project_4new/project_4/project_4.runs/impl_1/runme.log
launch_runs impl_1 -to_step write_bitstream -jobs 2
[Tue Dec  5 11:50:43 2023] Launched impl_1...
Run output will be captured here: C:/Users/willi/OneDrive/Desktop/M152A/project_4new/project_4/project_4.runs/impl_1/runme.log
set_property PROBES.FILE {} [get_hw_devices xc7a35t_0]
set_property FULL_PROBES.FILE {} [get_hw_devices xc7a35t_0]
set_property PROGRAM.FILE {C:/Users/willi/OneDrive/Desktop/M152A/project_4new/project_4/project_4.runs/impl_1/top.bit} [get_hw_devices xc7a35t_0]
program_hw_devices [get_hw_devices xc7a35t_0]
INFO: [Labtools 27-3164] End of startup status: HIGH
refresh_hw_device [lindex [get_hw_devices xc7a35t_0] 0]
INFO: [Labtools 27-1434] Device xc7a35t (JTAG device index = 0) is programmed with a design that has no supported debug core(s) in it.
reset_run synth_1
INFO: [Project 1-1161] Replacing file C:/Users/willi/OneDrive/Desktop/M152A/project_4new/project_4/project_4.srcs/utils_1/imports/synth_1/top.dcp with file C:/Users/willi/OneDrive/Desktop/M152A/project_4new/project_4/project_4.runs/synth_1/top.dcp
launch_runs synth_1 -jobs 2
[Tue Dec  5 11:53:36 2023] Launched synth_1...
Run output will be captured here: C:/Users/willi/OneDrive/Desktop/M152A/project_4new/project_4/project_4.runs/synth_1/runme.log
launch_runs impl_1 -jobs 2
[Tue Dec  5 11:55:48 2023] Launched impl_1...
Run output will be captured here: C:/Users/willi/OneDrive/Desktop/M152A/project_4new/project_4/project_4.runs/impl_1/runme.log
launch_runs impl_1 -to_step write_bitstream -jobs 2
[Tue Dec  5 11:58:03 2023] Launched impl_1...
Run output will be captured here: C:/Users/willi/OneDrive/Desktop/M152A/project_4new/project_4/project_4.runs/impl_1/runme.log
set_property PROBES.FILE {} [get_hw_devices xc7a35t_0]
set_property FULL_PROBES.FILE {} [get_hw_devices xc7a35t_0]
set_property PROGRAM.FILE {C:/Users/willi/OneDrive/Desktop/M152A/project_4new/project_4/project_4.runs/impl_1/top.bit} [get_hw_devices xc7a35t_0]
program_hw_devices [get_hw_devices xc7a35t_0]
INFO: [Labtools 27-3164] End of startup status: HIGH
refresh_hw_device [lindex [get_hw_devices xc7a35t_0] 0]
INFO: [Labtools 27-1434] Device xc7a35t (JTAG device index = 0) is programmed with a design that has no supported debug core(s) in it.
reset_run synth_1
INFO: [Project 1-1161] Replacing file C:/Users/willi/OneDrive/Desktop/M152A/project_4new/project_4/project_4.srcs/utils_1/imports/synth_1/top.dcp with file C:/Users/willi/OneDrive/Desktop/M152A/project_4new/project_4/project_4.runs/synth_1/top.dcp
launch_runs synth_1 -jobs 2
[Tue Dec  5 12:00:44 2023] Launched synth_1...
Run output will be captured here: C:/Users/willi/OneDrive/Desktop/M152A/project_4new/project_4/project_4.runs/synth_1/runme.log
reset_run synth_1
WARNING: [Vivado 12-1017] Problems encountered:
1. Failed to delete one or more files in run directory C:/Users/willi/OneDrive/Desktop/M152A/project_4new/project_4/project_4.runs/synth_1

ERROR: [Labtoolstcl 44-513] HW Target shutdown. Closing target: localhost:3121/xilinx_tcf/Digilent/210183B41166A
INFO: [Labtoolstcl 44-466] Opening hw_target localhost:3121/xilinx_tcf/Digilent/210183B41166A
INFO: [Labtools 27-1434] Device xc7a35t (JTAG device index = 0) is programmed with a design that has no supported debug core(s) in it.
WARNING: [Labtoolstcl 44-129] No matching hw_ila_data was found.
launch_runs synth_1 -jobs 2
[Tue Dec  5 16:24:38 2023] Launched synth_1...
Run output will be captured here: C:/Users/willi/OneDrive/Desktop/M152A/project_4new/project_4/project_4.runs/synth_1/runme.log
reset_run synth_1
launch_runs synth_1 -jobs 2
[Tue Dec  5 16:25:47 2023] Launched synth_1...
Run output will be captured here: C:/Users/willi/OneDrive/Desktop/M152A/project_4new/project_4/project_4.runs/synth_1/runme.log
reset_run synth_1
launch_runs synth_1 -jobs 2
[Tue Dec  5 16:27:25 2023] Launched synth_1...
Run output will be captured here: C:/Users/willi/OneDrive/Desktop/M152A/project_4new/project_4/project_4.runs/synth_1/runme.log
reset_run synth_1
launch_runs synth_1 -jobs 2
[Tue Dec  5 16:32:09 2023] Launched synth_1...
Run output will be captured here: C:/Users/willi/OneDrive/Desktop/M152A/project_4new/project_4/project_4.runs/synth_1/runme.log
launch_runs impl_1 -jobs 2
[Tue Dec  5 16:34:05 2023] Launched impl_1...
Run output will be captured here: C:/Users/willi/OneDrive/Desktop/M152A/project_4new/project_4/project_4.runs/impl_1/runme.log
launch_runs impl_1 -to_step write_bitstream -jobs 2
[Tue Dec  5 16:36:17 2023] Launched impl_1...
Run output will be captured here: C:/Users/willi/OneDrive/Desktop/M152A/project_4new/project_4/project_4.runs/impl_1/runme.log
reset_run synth_1
INFO: [Project 1-1161] Replacing file C:/Users/willi/OneDrive/Desktop/M152A/project_4new/project_4/project_4.srcs/utils_1/imports/synth_1/top.dcp with file C:/Users/willi/OneDrive/Desktop/M152A/project_4new/project_4/project_4.runs/synth_1/top.dcp
launch_runs synth_1 -jobs 2
[Tue Dec  5 16:41:39 2023] Launched synth_1...
Run output will be captured here: C:/Users/willi/OneDrive/Desktop/M152A/project_4new/project_4/project_4.runs/synth_1/runme.log
launch_runs impl_1 -jobs 2
[Tue Dec  5 16:43:38 2023] Launched impl_1...
Run output will be captured here: C:/Users/willi/OneDrive/Desktop/M152A/project_4new/project_4/project_4.runs/impl_1/runme.log
launch_runs impl_1 -to_step write_bitstream -jobs 2
[Tue Dec  5 16:45:47 2023] Launched impl_1...
Run output will be captured here: C:/Users/willi/OneDrive/Desktop/M152A/project_4new/project_4/project_4.runs/impl_1/runme.log
reset_run synth_1
INFO: [Project 1-1161] Replacing file C:/Users/willi/OneDrive/Desktop/M152A/project_4new/project_4/project_4.srcs/utils_1/imports/synth_1/top.dcp with file C:/Users/willi/OneDrive/Desktop/M152A/project_4new/project_4/project_4.runs/synth_1/top.dcp
launch_runs synth_1 -jobs 2
[Tue Dec  5 16:53:58 2023] Launched synth_1...
Run output will be captured here: C:/Users/willi/OneDrive/Desktop/M152A/project_4new/project_4/project_4.runs/synth_1/runme.log
launch_runs impl_1 -jobs 2
[Tue Dec  5 16:56:04 2023] Launched impl_1...
Run output will be captured here: C:/Users/willi/OneDrive/Desktop/M152A/project_4new/project_4/project_4.runs/impl_1/runme.log
launch_runs impl_1 -to_step write_bitstream -jobs 2
[Tue Dec  5 16:58:18 2023] Launched impl_1...
Run output will be captured here: C:/Users/willi/OneDrive/Desktop/M152A/project_4new/project_4/project_4.runs/impl_1/runme.log
set_property PROBES.FILE {} [get_hw_devices xc7a35t_0]
set_property FULL_PROBES.FILE {} [get_hw_devices xc7a35t_0]
set_property PROGRAM.FILE {C:/Users/willi/OneDrive/Desktop/M152A/project_4new/project_4/project_4.runs/impl_1/top.bit} [get_hw_devices xc7a35t_0]
program_hw_devices [get_hw_devices xc7a35t_0]
INFO: [Labtools 27-3164] End of startup status: HIGH
refresh_hw_device [lindex [get_hw_devices xc7a35t_0] 0]
INFO: [Labtools 27-1434] Device xc7a35t (JTAG device index = 0) is programmed with a design that has no supported debug core(s) in it.
reset_run synth_1
INFO: [Project 1-1161] Replacing file C:/Users/willi/OneDrive/Desktop/M152A/project_4new/project_4/project_4.srcs/utils_1/imports/synth_1/top.dcp with file C:/Users/willi/OneDrive/Desktop/M152A/project_4new/project_4/project_4.runs/synth_1/top.dcp
launch_runs synth_1 -jobs 2
[Tue Dec  5 17:04:08 2023] Launched synth_1...
Run output will be captured here: C:/Users/willi/OneDrive/Desktop/M152A/project_4new/project_4/project_4.runs/synth_1/runme.log
launch_runs impl_1 -jobs 2
[Tue Dec  5 17:07:13 2023] Launched impl_1...
Run output will be captured here: C:/Users/willi/OneDrive/Desktop/M152A/project_4new/project_4/project_4.runs/impl_1/runme.log
open_run impl_1
Netlist sorting complete. Time (s): cpu = 00:00:00 ; elapsed = 00:00:00.021 . Memory (MB): peak = 2021.000 ; gain = 0.000
INFO: [Netlist 29-17] Analyzing 122 Unisim elements for replacement
INFO: [Netlist 29-28] Unisim Transformation completed in 0 CPU seconds
INFO: [Project 1-479] Netlist was created with Vivado 2023.1
INFO: [Project 1-570] Preparing netlist for logic optimization
INFO: [Timing 38-478] Restoring timing data from binary archive.
INFO: [Common 17-41] Interrupt caught. Command should exit soon.
INFO: [Timing 38-479] Binary timing data restore complete.
INFO: [Project 1-856] Restoring constraints from binary archive.
INFO: [Project 1-853] Binary constraint restore complete.
Reading XDEF placement.
Reading placer database...
Reading XDEF routing.
Restored from archive | CPU: 1.000000 secs | Memory: 0.000000 MB |
Finished XDEF File Restore: Time (s): cpu = 00:00:01 ; elapsed = 00:00:00.179 . Memory (MB): peak = 2669.301 ; gain = 0.000
open_run: Time (s): cpu = 00:00:11 ; elapsed = 00:00:16 . Memory (MB): peak = 2669.301 ; gain = 648.301
INFO: [Common 17-344] 'open_run' was cancelled
reset_run synth_1
INFO: [Project 1-1161] Replacing file C:/Users/willi/OneDrive/Desktop/M152A/project_4new/project_4/project_4.srcs/utils_1/imports/synth_1/top.dcp with file C:/Users/willi/OneDrive/Desktop/M152A/project_4new/project_4/project_4.runs/synth_1/top.dcp
launch_runs synth_1 -jobs 2
[Tue Dec  5 17:13:34 2023] Launched synth_1...
Run output will be captured here: C:/Users/willi/OneDrive/Desktop/M152A/project_4new/project_4/project_4.runs/synth_1/runme.log
launch_runs impl_1 -jobs 2
[Tue Dec  5 17:15:35 2023] Launched impl_1...
Run output will be captured here: C:/Users/willi/OneDrive/Desktop/M152A/project_4new/project_4/project_4.runs/impl_1/runme.log
launch_runs impl_1 -to_step write_bitstream -jobs 2
[Tue Dec  5 17:18:00 2023] Launched impl_1...
Run output will be captured here: C:/Users/willi/OneDrive/Desktop/M152A/project_4new/project_4/project_4.runs/impl_1/runme.log
set_property PROBES.FILE {} [get_hw_devices xc7a35t_0]
set_property FULL_PROBES.FILE {} [get_hw_devices xc7a35t_0]
set_property PROGRAM.FILE {C:/Users/willi/OneDrive/Desktop/M152A/project_4new/project_4/project_4.runs/impl_1/top.bit} [get_hw_devices xc7a35t_0]
program_hw_devices [get_hw_devices xc7a35t_0]
INFO: [Labtools 27-3164] End of startup status: HIGH
refresh_hw_device [lindex [get_hw_devices xc7a35t_0] 0]
INFO: [Labtools 27-1434] Device xc7a35t (JTAG device index = 0) is programmed with a design that has no supported debug core(s) in it.
reset_run synth_1
INFO: [Project 1-1161] Replacing file C:/Users/willi/OneDrive/Desktop/M152A/project_4new/project_4/project_4.srcs/utils_1/imports/synth_1/top.dcp with file C:/Users/willi/OneDrive/Desktop/M152A/project_4new/project_4/project_4.runs/synth_1/top.dcp
launch_runs synth_1 -jobs 2
[Tue Dec  5 17:23:48 2023] Launched synth_1...
Run output will be captured here: C:/Users/willi/OneDrive/Desktop/M152A/project_4new/project_4/project_4.runs/synth_1/runme.log
launch_runs impl_1 -jobs 2
[Tue Dec  5 17:25:46 2023] Launched impl_1...
Run output will be captured here: C:/Users/willi/OneDrive/Desktop/M152A/project_4new/project_4/project_4.runs/impl_1/runme.log
launch_runs impl_1 -to_step write_bitstream -jobs 2
[Tue Dec  5 17:27:54 2023] Launched impl_1...
Run output will be captured here: C:/Users/willi/OneDrive/Desktop/M152A/project_4new/project_4/project_4.runs/impl_1/runme.log
set_property PROBES.FILE {} [get_hw_devices xc7a35t_0]
set_property FULL_PROBES.FILE {} [get_hw_devices xc7a35t_0]
set_property PROGRAM.FILE {C:/Users/willi/OneDrive/Desktop/M152A/project_4new/project_4/project_4.runs/impl_1/top.bit} [get_hw_devices xc7a35t_0]
program_hw_devices [get_hw_devices xc7a35t_0]
INFO: [Labtools 27-3164] End of startup status: HIGH
refresh_hw_device [lindex [get_hw_devices xc7a35t_0] 0]
INFO: [Labtools 27-1434] Device xc7a35t (JTAG device index = 0) is programmed with a design that has no supported debug core(s) in it.
reset_run synth_1
INFO: [Project 1-1161] Replacing file C:/Users/willi/OneDrive/Desktop/M152A/project_4new/project_4/project_4.srcs/utils_1/imports/synth_1/top.dcp with file C:/Users/willi/OneDrive/Desktop/M152A/project_4new/project_4/project_4.runs/synth_1/top.dcp
launch_runs synth_1 -jobs 2
[Tue Dec  5 17:34:26 2023] Launched synth_1...
Run output will be captured here: C:/Users/willi/OneDrive/Desktop/M152A/project_4new/project_4/project_4.runs/synth_1/runme.log
launch_runs impl_1 -jobs 2
[Tue Dec  5 17:36:44 2023] Launched impl_1...
Run output will be captured here: C:/Users/willi/OneDrive/Desktop/M152A/project_4new/project_4/project_4.runs/impl_1/runme.log
launch_runs impl_1 -to_step write_bitstream -jobs 2
[Tue Dec  5 17:39:03 2023] Launched impl_1...
Run output will be captured here: C:/Users/willi/OneDrive/Desktop/M152A/project_4new/project_4/project_4.runs/impl_1/runme.log
set_property PROBES.FILE {} [get_hw_devices xc7a35t_0]
set_property FULL_PROBES.FILE {} [get_hw_devices xc7a35t_0]
set_property PROGRAM.FILE {C:/Users/willi/OneDrive/Desktop/M152A/project_4new/project_4/project_4.runs/impl_1/top.bit} [get_hw_devices xc7a35t_0]
program_hw_devices [get_hw_devices xc7a35t_0]
INFO: [Labtools 27-3164] End of startup status: HIGH
refresh_hw_device [lindex [get_hw_devices xc7a35t_0] 0]
INFO: [Labtools 27-1434] Device xc7a35t (JTAG device index = 0) is programmed with a design that has no supported debug core(s) in it.
